<?xml version="1.0" encoding="UTF-8"?>
<testsuite xmlns:xsi="http://www.w3.org/2001/XMLSchema-instance" xsi:noNamespaceSchemaLocation="https://maven.apache.org/surefire/maven-surefire-plugin/xsd/surefire-test-report-3.0.xsd" version="3.0" name="com.example.ContentManager.ContentManagerApplicationTests" time="6.331" tests="1" errors="0" skipped="0" failures="0">
  <properties>
[...]
</properties>
  <testcase name="contextLoads" classname="com.example.ContentManager.ContentManagerApplicationTests" time="0.839">
    <system-out><![CDATA[23:13:56.655 [main] INFO org.springframework.test.context.support.AnnotationConfigContextLoaderUtils -- Could not detect default configuration classes for test class [com.example.ContentManager.ContentManagerApplicationTests]: ContentManagerApplicationTests does not declare any static, non-private, non-final, nested classes annotated with @Configuration.
23:13:56.823 [main] INFO org.springframework.boot.test.context.SpringBootTestContextBootstrapper -- Found @SpringBootConfiguration com.example.ContentManager.ContentManagerApplication for test class com.example.ContentManager.ContentManagerApplicationTests

  .   ____          _            __ _ _
 /\\ / ___'_ __ _ _(_)_ __  __ _ \ \ \ \
( ( )\___ | '_ | '_| | '_ \/ _` | \ \ \ \
 \\/  ___)| |_)| | | | | || (_| |  ) ) ) )
  '  |____| .__|_| |_|_| |_\__, | / / / /
 =========|_|==============|___/=/_/_/_/

 :: Spring Boot ::                (v3.3.5)

2024-11-02T23:13:57.429-04:00  INFO 20079 --- [ContentManager] [           main] c.e.C.ContentManagerApplicationTests     : Starting ContentManagerApplicationTests using Java 17.0.2 with PID 20079 (started by rahulvaish in /Users/rahulvaish/Downloads/ContentManager)
2024-11-02T23:13:57.431-04:00  INFO 20079 --- [ContentManager] [           main] c.e.C.ContentManagerApplicationTests     : No active profile set, falling back to 1 default profile: "default"
2024-11-02T23:13:58.574-04:00  INFO 20079 --- [ContentManager] [           main] .s.d.r.c.RepositoryConfigurationDelegate : Bootstrapping Spring Data MongoDB repositories in DEFAULT mode.
2024-11-02T23:13:58.674-04:00  INFO 20079 --- [ContentManager] [           main] .s.d.r.c.RepositoryConfigurationDelegate : Finished Spring Data repository scanning in 97 ms. Found 3 MongoDB repository interfaces.
2024-11-02T23:13:59.608-04:00  INFO 20079 --- [ContentManager] [           main] org.mongodb.driver.client                : MongoClient with metadata {"driver": {"name": "mongo-java-driver|sync|spring-boot", "version": "5.0.1"}, "os": {"type": "Darwin", "name": "Mac OS X", "architecture": "x86_64", "version": "15.0"}, "platform": "Java/Oracle Corporation/17.0.2+8-LTS-86"} created with settings MongoClientSettings{readPreference=primary, writeConcern=WriteConcern{w=null, wTimeout=null ms, journal=null}, retryWrites=true, retryReads=true, readConcern=ReadConcern{level=null}, credential=MongoCredential{mechanism=null, userName='storiestack_db_user', source='admin', password=<hidden>, mechanismProperties=<hidden>}, transportSettings=null, commandListeners=[], codecRegistry=ProvidersCodecRegistry{codecProviders=[ValueCodecProvider{}, BsonValueCodecProvider{}, DBRefCodecProvider{}, DBObjectCodecProvider{}, DocumentCodecProvider{}, CollectionCodecProvider{}, IterableCodecProvider{}, MapCodecProvider{}, GeoJsonCodecProvider{}, GridFSFileCodecProvider{}, Jsr310CodecProvider{}, JsonObjectCodecProvider{}, BsonCodecProvider{}, EnumCodecProvider{}, com.mongodb.client.model.mql.ExpressionCodecProvider@7e351d7, com.mongodb.Jep395RecordCodecProvider@43c57161, com.mongodb.KotlinCodecProvider@d902300]}, loggerSettings=LoggerSettings{maxDocumentLength=1000}, clusterSettings={hosts=[127.0.0.1:27017], srvHost=cluster-storiestack.fir37.mongodb.net, srvServiceName=mongodb, mode=MULTIPLE, requiredClusterType=REPLICA_SET, requiredReplicaSetName='atlas-jxmatf-shard-0', serverSelector='null', clusterListeners='[]', serverSelectionTimeout='30000 ms', localThreshold='15 ms'}, socketSettings=SocketSettings{connectTimeoutMS=10000, readTimeoutMS=0, receiveBufferSize=0, proxySettings=ProxySettings{host=null, port=null, username=null, password=null}}, heartbeatSocketSettings=SocketSettings{connectTimeoutMS=10000, readTimeoutMS=10000, receiveBufferSize=0, proxySettings=ProxySettings{host=null, port=null, username=null, password=null}}, connectionPoolSettings=ConnectionPoolSettings{maxSize=100, minSize=0, maxWaitTimeMS=120000, maxConnectionLifeTimeMS=0, maxConnectionIdleTimeMS=0, maintenanceInitialDelayMS=0, maintenanceFrequencyMS=60000, connectionPoolListeners=[], maxConnecting=2}, serverSettings=ServerSettings{heartbeatFrequencyMS=10000, minHeartbeatFrequencyMS=500, serverListeners='[]', serverMonitorListeners='[]'}, sslSettings=SslSettings{enabled=true, invalidHostNameAllowed=false, context=null}, applicationName='null', compressorList=[], uuidRepresentation=JAVA_LEGACY, serverApi=null, autoEncryptionSettings=null, dnsClient=null, inetAddressResolver=null, contextProvider=null}
2024-11-02T23:13:59.618-04:00  INFO 20079 --- [ContentManager] [r37.mongodb.net] org.mongodb.driver.cluster               : Adding discovered server cluster-storiestack-shard-00-02.fir37.mongodb.net:27017 to client view of cluster
2024-11-02T23:13:59.675-04:00  INFO 20079 --- [ContentManager] [r37.mongodb.net] org.mongodb.driver.cluster               : Adding discovered server cluster-storiestack-shard-00-00.fir37.mongodb.net:27017 to client view of cluster
2024-11-02T23:13:59.694-04:00  INFO 20079 --- [ContentManager] [r37.mongodb.net] org.mongodb.driver.cluster               : Adding discovered server cluster-storiestack-shard-00-01.fir37.mongodb.net:27017 to client view of cluster
2024-11-02T23:14:01.314-04:00  INFO 20079 --- [ContentManager] [ngodb.net:27017] org.mongodb.driver.cluster               : Monitor thread successfully connected to server with description ServerDescription{address=cluster-storiestack-shard-00-02.fir37.mongodb.net:27017, type=REPLICA_SET_PRIMARY, state=CONNECTED, ok=true, minWireVersion=0, maxWireVersion=21, maxDocumentSize=16777216, logicalSessionTimeoutMinutes=30, roundTripTimeNanos=1063318625, setName='atlas-jxmatf-shard-0', canonicalAddress=cluster-storiestack-shard-00-02.fir37.mongodb.net:27017, hosts=[cluster-storiestack-shard-00-00.fir37.mongodb.net:27017, cluster-storiestack-shard-00-01.fir37.mongodb.net:27017, cluster-storiestack-shard-00-02.fir37.mongodb.net:27017], passives=[], arbiters=[], primary='cluster-storiestack-shard-00-02.fir37.mongodb.net:27017', tagSet=TagSet{[Tag{name='availabilityZone', value='usw2-az3'}, Tag{name='diskState', value='READY'}, Tag{name='nodeType', value='ELECTABLE'}, Tag{name='provider', value='AWS'}, Tag{name='region', value='US_WEST_2'}, Tag{name='workloadType', value='OPERATIONAL'}]}, electionId=7fffffff0000000000000103, setVersion=20, topologyVersion=TopologyVersion{processId=6723e3d8294ee07480b363aa, counter=6}, lastWriteDate=Sat Nov 02 23:14:01 EDT 2024, lastUpdateTimeNanos=33532394281666}
2024-11-02T23:14:01.314-04:00  INFO 20079 --- [ContentManager] [ngodb.net:27017] org.mongodb.driver.cluster               : Monitor thread successfully connected to server with description ServerDescription{address=cluster-storiestack-shard-00-01.fir37.mongodb.net:27017, type=REPLICA_SET_SECONDARY, state=CONNECTED, ok=true, minWireVersion=0, maxWireVersion=21, maxDocumentSize=16777216, logicalSessionTimeoutMinutes=30, roundTripTimeNanos=1064615792, setName='atlas-jxmatf-shard-0', canonicalAddress=cluster-storiestack-shard-00-01.fir37.mongodb.net:27017, hosts=[cluster-storiestack-shard-00-00.fir37.mongodb.net:27017, cluster-storiestack-shard-00-01.fir37.mongodb.net:27017, cluster-storiestack-shard-00-02.fir37.mongodb.net:27017], passives=[], arbiters=[], primary='cluster-storiestack-shard-00-02.fir37.mongodb.net:27017', tagSet=TagSet{[Tag{name='availabilityZone', value='usw2-az1'}, Tag{name='diskState', value='READY'}, Tag{name='nodeType', value='ELECTABLE'}, Tag{name='provider', value='AWS'}, Tag{name='region', value='US_WEST_2'}, Tag{name='workloadType', value='OPERATIONAL'}]}, electionId=null, setVersion=20, topologyVersion=TopologyVersion{processId=6723e42df1560f639d7a1a88, counter=3}, lastWriteDate=Sat Nov 02 23:14:01 EDT 2024, lastUpdateTimeNanos=33532394272583}
2024-11-02T23:14:01.314-04:00  INFO 20079 --- [ContentManager] [ngodb.net:27017] org.mongodb.driver.cluster               : Monitor thread successfully connected to server with description ServerDescription{address=cluster-storiestack-shard-00-00.fir37.mongodb.net:27017, type=REPLICA_SET_SECONDARY, state=CONNECTED, ok=true, minWireVersion=0, maxWireVersion=21, maxDocumentSize=16777216, logicalSessionTimeoutMinutes=30, roundTripTimeNanos=1063908333, setName='atlas-jxmatf-shard-0', canonicalAddress=cluster-storiestack-shard-00-00.fir37.mongodb.net:27017, hosts=[cluster-storiestack-shard-00-00.fir37.mongodb.net:27017, cluster-storiestack-shard-00-01.fir37.mongodb.net:27017, cluster-storiestack-shard-00-02.fir37.mongodb.net:27017], passives=[], arbiters=[], primary='cluster-storiestack-shard-00-02.fir37.mongodb.net:27017', tagSet=TagSet{[Tag{name='availabilityZone', value='usw2-az2'}, Tag{name='diskState', value='READY'}, Tag{name='nodeType', value='ELECTABLE'}, Tag{name='provider', value='AWS'}, Tag{name='region', value='US_WEST_2'}, Tag{name='workloadType', value='OPERATIONAL'}]}, electionId=null, setVersion=20, topologyVersion=TopologyVersion{processId=6723e3839706dfe497039828, counter=4}, lastWriteDate=Sat Nov 02 23:14:01 EDT 2024, lastUpdateTimeNanos=33532393777916}
2024-11-02T23:14:01.329-04:00  INFO 20079 --- [ContentManager] [ngodb.net:27017] org.mongodb.driver.cluster               : Discovered replica set primary cluster-storiestack-shard-00-02.fir37.mongodb.net:27017 with max election id 7fffffff0000000000000103 and max set version 20
2024-11-02T23:14:01.857-04:00  INFO 20079 --- [ContentManager] [           main] c.e.C.ContentManagerApplicationTests     : Started ContentManagerApplicationTests in 4.856 seconds (process running for 6.267)
]]></system-out>
  </testcase>
</testsuite>